<?xml version="1.0" encoding="UTF-8"?>
<testng-results skipped="0" failed="0" ignored="0" total="4" passed="4">
  <reporter-output>
  </reporter-output>
  <suite name="Suite" duration-ms="53" started-at="2022-05-02T21:00:06 IST" finished-at="2022-05-02T21:00:06 IST">
    <groups>
    </groups>
    <test name="Test" duration-ms="53" started-at="2022-05-02T21:00:06 IST" finished-at="2022-05-02T21:00:06 IST">
      <class name="qaclickacademy.RestAPITest">
        <test-method status="PASS" signature="deleteTwitter()[pri:0, instance:qaclickacademy.RestAPITest@7d0587f1]" name="deleteTwitter" duration-ms="1" started-at="2022-05-02T21:00:06 IST" finished-at="2022-05-02T21:00:06 IST">
          <reporter-output>
          </reporter-output>
        </test-method> <!-- deleteTwitter -->
        <test-method status="PASS" signature="postJira()[pri:0, instance:qaclickacademy.RestAPITest@7d0587f1]" name="postJira" duration-ms="0" started-at="2022-05-02T21:00:06 IST" finished-at="2022-05-02T21:00:06 IST">
          <reporter-output>
          </reporter-output>
        </test-method> <!-- postJira -->
      </class> <!-- qaclickacademy.RestAPITest -->
      <class name="qaclickacademy.SeleniumTest">
        <test-method status="PASS" signature="browserAutomation()[pri:0, instance:qaclickacademy.SeleniumTest@6737fd8f]" name="browserAutomation" duration-ms="5" started-at="2022-05-02T21:00:06 IST" finished-at="2022-05-02T21:00:06 IST">
          <reporter-output>
          </reporter-output>
        </test-method> <!-- browserAutomation -->
        <test-method status="PASS" signature="elementsUI()[pri:0, instance:qaclickacademy.SeleniumTest@6737fd8f]" name="elementsUI" duration-ms="1" started-at="2022-05-02T21:00:06 IST" finished-at="2022-05-02T21:00:06 IST">
          <reporter-output>
          </reporter-output>
        </test-method> <!-- elementsUI -->
      </class> <!-- qaclickacademy.SeleniumTest -->
    </test> <!-- Test -->
  </suite> <!-- Suite -->
</testng-results>
